{"/Users/yitzjordan/demo/rxview/src/app.controller.ts": {"path":"/Users/yitzjordan/demo/rxview/src/app.controller.ts","statementMap":{"0":{"start":{"line":1,"column":0},"end":{"line":1,"column":49}},"1":{"start":{"line":2,"column":0},"end":{"line":2,"column":43}},"2":{"start":{"line":3,"column":0},"end":{"line":3,"column":47}},"3":{"start":{"line":6,"column":7},"end":{"line":14,"column":null}},"4":{"start":{"line":7,"column":31},"end":{"line":7,"column":43}},"5":{"start":{"line":12,"column":4},"end":{"line":12,"column":38}},"6":{"start":{"line":6,"column":13},"end":{"line":6,"column":26}},"7":{"start":{"line":11,"column":2},"end":{"line":13,"column":null}},"8":{"start":{"line":6,"column":13},"end":{"line":14,"column":null}}},"fnMap":{"0":{"name":"(anonymous_2)","decl":{"start":{"line":7,"column":2},"end":{"line":7,"column":31}},"loc":{"start":{"line":7,"column":53},"end":{"line":7,"column":57}}},"1":{"name":"(anonymous_3)","decl":{"start":{"line":11,"column":2},"end":{"line":11,"column":10}},"loc":{"start":{"line":11,"column":10},"end":{"line":13,"column":3}}}},"branchMap":{"0":{"loc":{"start":{"line":7,"column":43},"end":{"line":7,"column":56}},"type":"cond-expr","locations":[{"start":{"line":7,"column":53},"end":{"line":7,"column":56}},{"start":{"line":7,"column":53},"end":{"line":7,"column":56}}]},"1":{"loc":{"start":{"line":7,"column":43},"end":{"line":7,"column":53}},"type":"binary-expr","locations":[{"start":{"line":7,"column":43},"end":{"line":7,"column":56}},{"start":{"line":7,"column":43},"end":{"line":7,"column":53}}]}},"s":{"0":1,"1":1,"2":1,"3":1,"4":1,"5":1,"6":1,"7":1,"8":1},"f":{"0":1,"1":1},"b":{"0":[1,0],"1":[1,1]}}
,"/Users/yitzjordan/demo/rxview/src/app.module.ts": {"path":"/Users/yitzjordan/demo/rxview/src/app.module.ts","statementMap":{"0":{"start":{"line":1,"column":0},"end":{"line":1,"column":40}},"1":{"start":{"line":2,"column":0},"end":{"line":2,"column":46}},"2":{"start":{"line":3,"column":0},"end":{"line":3,"column":52}},"3":{"start":{"line":4,"column":0},"end":{"line":4,"column":49}},"4":{"start":{"line":5,"column":0},"end":{"line":5,"column":43}},"5":{"start":{"line":6,"column":0},"end":{"line":6,"column":48}},"6":{"start":{"line":7,"column":0},"end":{"line":7,"column":45}},"7":{"start":{"line":24,"column":7},"end":{"line":24,"column":null}},"8":{"start":{"line":24,"column":13},"end":{"line":24,"column":22}},"9":{"start":{"line":24,"column":13},"end":{"line":24,"column":null}}},"fnMap":{},"branchMap":{"0":{"loc":{"start":{"line":16,"column":20},"end":{"line":16,"column":51}},"type":"binary-expr","locations":[{"start":{"line":16,"column":20},"end":{"line":16,"column":41}},{"start":{"line":16,"column":45},"end":{"line":16,"column":51}}]}},"s":{"0":0,"1":0,"2":0,"3":0,"4":0,"5":0,"6":0,"7":0,"8":0,"9":0},"f":{},"b":{"0":[0,0]}}
,"/Users/yitzjordan/demo/rxview/src/app.service.ts": {"path":"/Users/yitzjordan/demo/rxview/src/app.service.ts","statementMap":{"0":{"start":{"line":1,"column":0},"end":{"line":1,"column":44}},"1":{"start":{"line":4,"column":7},"end":{"line":8,"column":null}},"2":{"start":{"line":6,"column":4},"end":{"line":6,"column":26}},"3":{"start":{"line":4,"column":13},"end":{"line":4,"column":23}},"4":{"start":{"line":4,"column":13},"end":{"line":8,"column":null}}},"fnMap":{"0":{"name":"(anonymous_1)","decl":{"start":{"line":5,"column":2},"end":{"line":5,"column":10}},"loc":{"start":{"line":5,"column":10},"end":{"line":7,"column":3}}}},"branchMap":{},"s":{"0":1,"1":1,"2":1,"3":1,"4":1},"f":{"0":1},"b":{}}
,"/Users/yitzjordan/demo/rxview/src/main.ts": {"path":"/Users/yitzjordan/demo/rxview/src/main.ts","statementMap":{"0":{"start":{"line":1,"column":0},"end":{"line":1,"column":43}},"1":{"start":{"line":3,"column":0},"end":{"line":3,"column":48}},"2":{"start":{"line":4,"column":0},"end":{"line":4,"column":41}},"3":{"start":{"line":5,"column":0},"end":{"line":5,"column":65}},"4":{"start":{"line":9,"column":14},"end":{"line":9,"column":73}},"5":{"start":{"line":12,"column":2},"end":{"line":12,"column":19}},"6":{"start":{"line":15,"column":2},"end":{"line":18,"column":6}},"7":{"start":{"line":20,"column":2},"end":{"line":20,"column":27}},"8":{"start":{"line":22,"column":17},"end":{"line":26,"column":12}},"9":{"start":{"line":27,"column":26},"end":{"line":27,"column":73}},"10":{"start":{"line":27,"column":32},"end":{"line":27,"column":73}},"11":{"start":{"line":28,"column":2},"end":{"line":28,"column":56}},"12":{"start":{"line":30,"column":15},"end":{"line":30,"column":39}},"13":{"start":{"line":31,"column":2},"end":{"line":31,"column":25}},"14":{"start":{"line":32,"column":2},"end":{"line":32,"column":59}},"15":{"start":{"line":34,"column":0},"end":{"line":34,"column":12}}},"fnMap":{"0":{"name":"bootstrap","decl":{"start":{"line":8,"column":15},"end":{"line":8,"column":24}},"loc":{"start":{"line":8,"column":24},"end":{"line":33,"column":1}}},"1":{"name":"(anonymous_1)","decl":{"start":{"line":27,"column":26},"end":{"line":27,"column":29}},"loc":{"start":{"line":27,"column":32},"end":{"line":27,"column":73}}}},"branchMap":{"0":{"loc":{"start":{"line":30,"column":15},"end":{"line":30,"column":39}},"type":"binary-expr","locations":[{"start":{"line":30,"column":15},"end":{"line":30,"column":31}},{"start":{"line":30,"column":35},"end":{"line":30,"column":39}}]}},"s":{"0":0,"1":0,"2":0,"3":0,"4":0,"5":0,"6":0,"7":0,"8":0,"9":0,"10":0,"11":0,"12":0,"13":0,"14":0,"15":0},"f":{"0":0,"1":0},"b":{"0":[0,0]}}
,"/Users/yitzjordan/demo/rxview/src/drug/cache.service.ts": {"path":"/Users/yitzjordan/demo/rxview/src/drug/cache.service.ts","statementMap":{"0":{"start":{"line":1,"column":0},"end":{"line":1,"column":52}},"1":{"start":{"line":2,"column":0},"end":{"line":2,"column":54}},"2":{"start":{"line":6,"column":7},"end":{"line":24,"column":null}},"3":{"start":{"line":7,"column":45},"end":{"line":7,"column":64}},"4":{"start":{"line":10,"column":4},"end":{"line":10,"column":47}},"5":{"start":{"line":14,"column":4},"end":{"line":14,"column":49}},"6":{"start":{"line":18,"column":4},"end":{"line":18,"column":37}},"7":{"start":{"line":22,"column":4},"end":{"line":22,"column":36}},"8":{"start":{"line":6,"column":13},"end":{"line":6,"column":25}},"9":{"start":{"line":6,"column":13},"end":{"line":24,"column":null}}},"fnMap":{"0":{"name":"(anonymous_4)","decl":{"start":{"line":7,"column":2},"end":{"line":7,"column":15}},"loc":{"start":{"line":7,"column":64},"end":{"line":7,"column":68}}},"1":{"name":"(anonymous_5)","decl":{"start":{"line":9,"column":2},"end":{"line":9,"column":7}},"loc":{"start":{"line":9,"column":26},"end":{"line":11,"column":3}}},"2":{"name":"(anonymous_6)","decl":{"start":{"line":13,"column":2},"end":{"line":13,"column":7}},"loc":{"start":{"line":13,"column":50},"end":{"line":15,"column":3}}},"3":{"name":"(anonymous_7)","decl":{"start":{"line":17,"column":2},"end":{"line":17,"column":7}},"loc":{"start":{"line":17,"column":23},"end":{"line":19,"column":3}}},"4":{"name":"(anonymous_8)","decl":{"start":{"line":21,"column":2},"end":{"line":21,"column":7}},"loc":{"start":{"line":21,"column":13},"end":{"line":23,"column":3}}}},"branchMap":{},"s":{"0":4,"1":4,"2":4,"3":0,"4":0,"5":0,"6":0,"7":0,"8":4,"9":4},"f":{"0":0,"1":0,"2":0,"3":0,"4":0},"b":{}}
,"/Users/yitzjordan/demo/rxview/src/drug/drug.controller.ts": {"path":"/Users/yitzjordan/demo/rxview/src/drug/drug.controller.ts","statementMap":{"0":{"start":{"line":1,"column":0},"end":{"line":1,"column":null}},"1":{"start":{"line":11,"column":0},"end":{"line":11,"column":45}},"2":{"start":{"line":12,"column":0},"end":{"line":12,"column":54}},"3":{"start":{"line":13,"column":0},"end":{"line":13,"column":57}},"4":{"start":{"line":16,"column":27},"end":{"line":115,"column":null}},"5":{"start":{"line":17,"column":28},"end":{"line":17,"column":59}},"6":{"start":{"line":19,"column":31},"end":{"line":19,"column":44}},"7":{"start":{"line":25,"column":4},"end":{"line":30,"column":5}},"8":{"start":{"line":26,"column":6},"end":{"line":26,"column":59}},"9":{"start":{"line":28,"column":6},"end":{"line":28,"column":57}},"10":{"start":{"line":29,"column":6},"end":{"line":29,"column":71}},"11":{"start":{"line":40,"column":29},"end":{"line":40,"column":56}},"12":{"start":{"line":41,"column":4},"end":{"line":43,"column":5}},"13":{"start":{"line":42,"column":6},"end":{"line":42,"column":87}},"14":{"start":{"line":45,"column":21},"end":{"line":45,"column":66}},"15":{"start":{"line":46,"column":24},"end":{"line":46,"column":70}},"16":{"start":{"line":47,"column":4},"end":{"line":70,"column":5}},"17":{"start":{"line":48,"column":19},"end":{"line":48,"column":79}},"18":{"start":{"line":50,"column":6},"end":{"line":52,"column":7}},"19":{"start":{"line":51,"column":8},"end":{"line":51,"column":82}},"20":{"start":{"line":54,"column":30},"end":{"line":54,"column":77}},"21":{"start":{"line":56,"column":6},"end":{"line":61,"column":8}},"22":{"start":{"line":63,"column":6},"end":{"line":63,"column":90}},"23":{"start":{"line":65,"column":6},"end":{"line":67,"column":7}},"24":{"start":{"line":66,"column":8},"end":{"line":66,"column":20}},"25":{"start":{"line":69,"column":6},"end":{"line":69,"column":80}},"26":{"start":{"line":79,"column":29},"end":{"line":79,"column":56}},"27":{"start":{"line":80,"column":4},"end":{"line":82,"column":5}},"28":{"start":{"line":81,"column":6},"end":{"line":81,"column":87}},"29":{"start":{"line":84,"column":21},"end":{"line":84,"column":66}},"30":{"start":{"line":85,"column":24},"end":{"line":85,"column":70}},"31":{"start":{"line":86,"column":4},"end":{"line":102,"column":5}},"32":{"start":{"line":87,"column":19},"end":{"line":87,"column":79}},"33":{"start":{"line":89,"column":6},"end":{"line":91,"column":7}},"34":{"start":{"line":90,"column":8},"end":{"line":90,"column":82}},"35":{"start":{"line":93,"column":6},"end":{"line":93,"column":61}},"36":{"start":{"line":95,"column":6},"end":{"line":95,"column":89}},"37":{"start":{"line":97,"column":6},"end":{"line":99,"column":7}},"38":{"start":{"line":98,"column":8},"end":{"line":98,"column":20}},"39":{"start":{"line":101,"column":6},"end":{"line":101,"column":80}},"40":{"start":{"line":108,"column":4},"end":{"line":113,"column":5}},"41":{"start":{"line":109,"column":6},"end":{"line":109,"column":54}},"42":{"start":{"line":111,"column":6},"end":{"line":111,"column":60}},"43":{"start":{"line":112,"column":6},"end":{"line":112,"column":75}},"44":{"start":{"line":16,"column":13},"end":{"line":16,"column":27}},"45":{"start":{"line":24,"column":8},"end":{"line":31,"column":null}},"46":{"start":{"line":37,"column":8},"end":{"line":71,"column":null}},"47":{"start":{"line":76,"column":8},"end":{"line":103,"column":null}},"48":{"start":{"line":107,"column":8},"end":{"line":114,"column":null}},"49":{"start":{"line":16,"column":13},"end":{"line":115,"column":null}}},"fnMap":{"0":{"name":"(anonymous_4)","decl":{"start":{"line":19,"column":2},"end":{"line":19,"column":31}},"loc":{"start":{"line":19,"column":55},"end":{"line":19,"column":59}}},"1":{"name":"(anonymous_5)","decl":{"start":{"line":24,"column":8},"end":{"line":24,"column":19}},"loc":{"start":{"line":24,"column":53},"end":{"line":31,"column":3}}},"2":{"name":"(anonymous_6)","decl":{"start":{"line":37,"column":8},"end":{"line":37,"column":19}},"loc":{"start":{"line":38,"column":51},"end":{"line":71,"column":3}}},"3":{"name":"(anonymous_7)","decl":{"start":{"line":76,"column":8},"end":{"line":76,"column":18}},"loc":{"start":{"line":77,"column":51},"end":{"line":103,"column":3}}},"4":{"name":"(anonymous_8)","decl":{"start":{"line":107,"column":8},"end":{"line":107,"column":18}},"loc":{"start":{"line":107,"column":18},"end":{"line":114,"column":3}}}},"branchMap":{"0":{"loc":{"start":{"line":41,"column":4},"end":{"line":43,"column":5}},"type":"if","locations":[{"start":{"line":41,"column":4},"end":{"line":43,"column":5}},{"start":{},"end":{}}]},"1":{"loc":{"start":{"line":50,"column":6},"end":{"line":52,"column":7}},"type":"if","locations":[{"start":{"line":50,"column":6},"end":{"line":52,"column":7}},{"start":{},"end":{}}]},"2":{"loc":{"start":{"line":65,"column":6},"end":{"line":67,"column":7}},"type":"if","locations":[{"start":{"line":65,"column":6},"end":{"line":67,"column":7}},{"start":{},"end":{}}]},"3":{"loc":{"start":{"line":80,"column":4},"end":{"line":82,"column":5}},"type":"if","locations":[{"start":{"line":80,"column":4},"end":{"line":82,"column":5}},{"start":{},"end":{}}]},"4":{"loc":{"start":{"line":89,"column":6},"end":{"line":91,"column":7}},"type":"if","locations":[{"start":{"line":89,"column":6},"end":{"line":91,"column":7}},{"start":{},"end":{}}]},"5":{"loc":{"start":{"line":97,"column":6},"end":{"line":99,"column":7}},"type":"if","locations":[{"start":{"line":97,"column":6},"end":{"line":99,"column":7}},{"start":{},"end":{}}]},"6":{"loc":{"start":{"line":24,"column":40},"end":{"line":24,"column":null}},"type":"cond-expr","locations":[{"start":{"line":24,"column":53},"end":{"line":24,"column":null}},{"start":{"line":24,"column":53},"end":{"line":24,"column":null}}]},"7":{"loc":{"start":{"line":24,"column":40},"end":{"line":24,"column":53}},"type":"binary-expr","locations":[{"start":{"line":24,"column":40},"end":{"line":24,"column":null}},{"start":{"line":24,"column":40},"end":{"line":24,"column":53}}]},"8":{"loc":{"start":{"line":19,"column":44},"end":{"line":19,"column":58}},"type":"cond-expr","locations":[{"start":{"line":19,"column":55},"end":{"line":19,"column":58}},{"start":{"line":19,"column":55},"end":{"line":19,"column":58}}]},"9":{"loc":{"start":{"line":19,"column":44},"end":{"line":19,"column":55}},"type":"binary-expr","locations":[{"start":{"line":19,"column":44},"end":{"line":19,"column":58}},{"start":{"line":19,"column":44},"end":{"line":19,"column":55}}]}},"s":{"0":1,"1":1,"2":1,"3":1,"4":1,"5":11,"6":11,"7":2,"8":2,"9":1,"10":1,"11":4,"12":4,"13":1,"14":3,"15":3,"16":3,"17":3,"18":2,"19":1,"20":1,"21":1,"22":2,"23":2,"24":1,"25":1,"26":3,"27":3,"28":1,"29":2,"30":2,"31":2,"32":2,"33":2,"34":1,"35":1,"36":1,"37":1,"38":1,"39":0,"40":2,"41":2,"42":1,"43":1,"44":1,"45":1,"46":1,"47":1,"48":1,"49":1},"f":{"0":11,"1":2,"2":4,"3":3,"4":2},"b":{"0":[1,3],"1":[1,1],"2":[1,1],"3":[1,2],"4":[1,1],"5":[1,0],"6":[1,0],"7":[1,1],"8":[1,0],"9":[1,1]}}
,"/Users/yitzjordan/demo/rxview/src/drug/drug.module.ts": {"path":"/Users/yitzjordan/demo/rxview/src/drug/drug.module.ts","statementMap":{"0":{"start":{"line":1,"column":0},"end":{"line":1,"column":40}},"1":{"start":{"line":2,"column":0},"end":{"line":2,"column":51}},"2":{"start":{"line":3,"column":0},"end":{"line":3,"column":45}},"3":{"start":{"line":4,"column":0},"end":{"line":4,"column":49}},"4":{"start":{"line":5,"column":0},"end":{"line":5,"column":47}},"5":{"start":{"line":12,"column":7},"end":{"line":12,"column":null}},"6":{"start":{"line":12,"column":13},"end":{"line":12,"column":23}},"7":{"start":{"line":12,"column":13},"end":{"line":12,"column":null}}},"fnMap":{},"branchMap":{},"s":{"0":0,"1":0,"2":0,"3":0,"4":0,"5":0,"6":0,"7":0},"f":{},"b":{}}
,"/Users/yitzjordan/demo/rxview/src/drug/drug.service.ts": {"path":"/Users/yitzjordan/demo/rxview/src/drug/drug.service.ts","statementMap":{"0":{"start":{"line":1,"column":0},"end":{"line":1,"column":66}},"1":{"start":{"line":2,"column":0},"end":{"line":2,"column":34}},"2":{"start":{"line":3,"column":0},"end":{"line":3,"column":28}},"3":{"start":{"line":6,"column":0},"end":{"line":6,"column":49}},"4":{"start":{"line":7,"column":0},"end":{"line":7,"column":47}},"5":{"start":{"line":10,"column":24},"end":{"line":286,"column":null}},"6":{"start":{"line":11,"column":28},"end":{"line":11,"column":56}},"7":{"start":{"line":12,"column":31},"end":{"line":12,"column":33}},"8":{"start":{"line":15,"column":21},"end":{"line":15,"column":36}},"9":{"start":{"line":16,"column":21},"end":{"line":16,"column":35}},"10":{"start":{"line":20,"column":4},"end":{"line":20,"column":30}},"11":{"start":{"line":24,"column":4},"end":{"line":32,"column":5}},"12":{"start":{"line":25,"column":25},"end":{"line":25,"column":66}},"13":{"start":{"line":26,"column":25},"end":{"line":26,"column":57}},"14":{"start":{"line":27,"column":6},"end":{"line":27,"column":42}},"15":{"start":{"line":28,"column":6},"end":{"line":28,"column":76}},"16":{"start":{"line":30,"column":6},"end":{"line":30,"column":60}},"17":{"start":{"line":31,"column":6},"end":{"line":31,"column":22}},"18":{"start":{"line":36,"column":31},"end":{"line":36,"column":72}},"19":{"start":{"line":38,"column":4},"end":{"line":49,"column":5}},"20":{"start":{"line":39,"column":36},"end":{"line":39,"column":61}},"21":{"start":{"line":40,"column":6},"end":{"line":43,"column":16}},"22":{"start":{"line":41,"column":8},"end":{"line":42,"column":70}},"23":{"start":{"line":45,"column":6},"end":{"line":48,"column":16}},"24":{"start":{"line":46,"column":8},"end":{"line":47,"column":86}},"25":{"start":{"line":53,"column":24},"end":{"line":53,"column":39}},"26":{"start":{"line":56,"column":4},"end":{"line":63,"column":5}},"27":{"start":{"line":57,"column":20},"end":{"line":57,"column":49}},"28":{"start":{"line":58,"column":6},"end":{"line":62,"column":8}},"29":{"start":{"line":59,"column":8},"end":{"line":61,"column":50}},"30":{"start":{"line":66,"column":4},"end":{"line":71,"column":5}},"31":{"start":{"line":67,"column":22},"end":{"line":67,"column":53}},"32":{"start":{"line":68,"column":6},"end":{"line":70,"column":8}},"33":{"start":{"line":69,"column":8},"end":{"line":69,"column":52}},"34":{"start":{"line":74,"column":17},"end":{"line":74,"column":36}},"35":{"start":{"line":75,"column":18},"end":{"line":75,"column":39}},"36":{"start":{"line":76,"column":23},"end":{"line":76,"column":41}},"37":{"start":{"line":77,"column":21},"end":{"line":77,"column":39}},"38":{"start":{"line":79,"column":27},"end":{"line":79,"column":68}},"39":{"start":{"line":81,"column":4},"end":{"line":96,"column":6}},"40":{"start":{"line":82,"column":41},"end":{"line":87,"column":8}},"41":{"start":{"line":100,"column":21},"end":{"line":100,"column":53}},"42":{"start":{"line":103,"column":19},"end":{"line":103,"column":77}},"43":{"start":{"line":104,"column":4},"end":{"line":106,"column":5}},"44":{"start":{"line":105,"column":6},"end":{"line":105,"column":20}},"45":{"start":{"line":108,"column":4},"end":{"line":148,"column":5}},"46":{"start":{"line":110,"column":26},"end":{"line":110,"column":76}},"47":{"start":{"line":111,"column":30},"end":{"line":111,"column":80}},"48":{"start":{"line":113,"column":23},"end":{"line":113,"column":51}},"49":{"start":{"line":115,"column":31},"end":{"line":115,"column":82}},"50":{"start":{"line":117,"column":51},"end":{"line":127,"column":8}},"51":{"start":{"line":130,"column":6},"end":{"line":130,"column":67}},"52":{"start":{"line":132,"column":6},"end":{"line":132,"column":29}},"53":{"start":{"line":134,"column":6},"end":{"line":134,"column":82}},"54":{"start":{"line":137,"column":6},"end":{"line":147,"column":8}},"55":{"start":{"line":152,"column":36},"end":{"line":152,"column":38}},"56":{"start":{"line":153,"column":16},"end":{"line":153,"column":17}},"57":{"start":{"line":155,"column":28},"end":{"line":168,"column":6}},"58":{"start":{"line":170,"column":4},"end":{"line":180,"column":7}},"59":{"start":{"line":171,"column":22},"end":{"line":171,"column":64}},"60":{"start":{"line":172,"column":6},"end":{"line":179,"column":7}},"61":{"start":{"line":173,"column":8},"end":{"line":178,"column":11}},"62":{"start":{"line":182,"column":4},"end":{"line":182,"column":20}},"63":{"start":{"line":186,"column":29},"end":{"line":186,"column":42}},"64":{"start":{"line":189,"column":23},"end":{"line":189,"column":78}},"65":{"start":{"line":189,"column":42},"end":{"line":189,"column":77}},"66":{"start":{"line":190,"column":4},"end":{"line":200,"column":5}},"67":{"start":{"line":191,"column":6},"end":{"line":199,"column":7}},"68":{"start":{"line":192,"column":25},"end":{"line":192,"column":90}},"69":{"start":{"line":193,"column":29},"end":{"line":193,"column":84}},"70":{"start":{"line":193,"column":61},"end":{"line":193,"column":83}},"71":{"start":{"line":194,"column":8},"end":{"line":196,"column":9}},"72":{"start":{"line":195,"column":10},"end":{"line":195,"column":68}},"73":{"start":{"line":198,"column":8},"end":{"line":198,"column":83}},"74":{"start":{"line":202,"column":4},"end":{"line":202,"column":28}},"75":{"start":{"line":206,"column":21},"end":{"line":206,"column":58}},"76":{"start":{"line":209,"column":19},"end":{"line":209,"column":71}},"77":{"start":{"line":210,"column":4},"end":{"line":212,"column":5}},"78":{"start":{"line":211,"column":6},"end":{"line":211,"column":20}},"79":{"start":{"line":214,"column":4},"end":{"line":233,"column":5}},"80":{"start":{"line":215,"column":27},"end":{"line":215,"column":76}},"81":{"start":{"line":216,"column":31},"end":{"line":224,"column":8}},"82":{"start":{"line":217,"column":27},"end":{"line":217,"column":69}},"83":{"start":{"line":218,"column":32},"end":{"line":218,"column":85}},"84":{"start":{"line":220,"column":8},"end":{"line":223,"column":10}},"85":{"start":{"line":227,"column":6},"end":{"line":227,"column":68}},"86":{"start":{"line":229,"column":6},"end":{"line":229,"column":30}},"87":{"start":{"line":231,"column":6},"end":{"line":231,"column":86}},"88":{"start":{"line":232,"column":6},"end":{"line":232,"column":22}},"89":{"start":{"line":237,"column":50},"end":{"line":250,"column":6}},"90":{"start":{"line":251,"column":4},"end":{"line":251,"column":38}},"91":{"start":{"line":255,"column":24},"end":{"line":260,"column":7}},"92":{"start":{"line":255,"column":48},"end":{"line":260,"column":6}},"93":{"start":{"line":262,"column":4},"end":{"line":265,"column":6}},"94":{"start":{"line":269,"column":4},"end":{"line":273,"column":14}},"95":{"start":{"line":277,"column":4},"end":{"line":283,"column":5}},"96":{"start":{"line":279,"column":19},"end":{"line":279,"column":45}},"97":{"start":{"line":280,"column":20},"end":{"line":280,"column":46}},"98":{"start":{"line":281,"column":18},"end":{"line":281,"column":44}},"99":{"start":{"line":282,"column":6},"end":{"line":282,"column":39}},"100":{"start":{"line":284,"column":4},"end":{"line":284,"column":50}},"101":{"start":{"line":10,"column":13},"end":{"line":10,"column":24}},"102":{"start":{"line":10,"column":13},"end":{"line":286,"column":null}}},"fnMap":{"0":{"name":"(anonymous_2)","decl":{"start":{"line":14,"column":2},"end":{"line":14,"column":null}},"loc":{"start":{"line":16,"column":47},"end":{"line":17,"column":6}}},"1":{"name":"(anonymous_3)","decl":{"start":{"line":19,"column":2},"end":{"line":19,"column":7}},"loc":{"start":{"line":19,"column":20},"end":{"line":21,"column":3}}},"2":{"name":"(anonymous_4)","decl":{"start":{"line":23,"column":10},"end":{"line":23,"column":15}},"loc":{"start":{"line":23,"column":28},"end":{"line":33,"column":3}}},"3":{"name":"(anonymous_5)","decl":{"start":{"line":35,"column":2},"end":{"line":35,"column":7}},"loc":{"start":{"line":35,"column":61},"end":{"line":50,"column":3}}},"4":{"name":"(anonymous_6)","decl":{"start":{"line":40,"column":29},"end":{"line":40,"column":33}},"loc":{"start":{"line":41,"column":8},"end":{"line":42,"column":70}}},"5":{"name":"(anonymous_7)","decl":{"start":{"line":45,"column":29},"end":{"line":45,"column":33}},"loc":{"start":{"line":46,"column":8},"end":{"line":47,"column":86}}},"6":{"name":"(anonymous_8)","decl":{"start":{"line":52,"column":2},"end":{"line":52,"column":7}},"loc":{"start":{"line":52,"column":44},"end":{"line":97,"column":3}}},"7":{"name":"(anonymous_9)","decl":{"start":{"line":58,"column":43},"end":{"line":58,"column":47}},"loc":{"start":{"line":59,"column":8},"end":{"line":61,"column":50}}},"8":{"name":"(anonymous_10)","decl":{"start":{"line":68,"column":43},"end":{"line":68,"column":47}},"loc":{"start":{"line":69,"column":8},"end":{"line":69,"column":52}}},"9":{"name":"(anonymous_11)","decl":{"start":{"line":82,"column":32},"end":{"line":82,"column":36}},"loc":{"start":{"line":82,"column":41},"end":{"line":87,"column":8}}},"10":{"name":"(anonymous_12)","decl":{"start":{"line":99,"column":2},"end":{"line":99,"column":7}},"loc":{"start":{"line":99,"column":42},"end":{"line":149,"column":3}}},"11":{"name":"(anonymous_13)","decl":{"start":{"line":151,"column":10},"end":{"line":151,"column":27}},"loc":{"start":{"line":151,"column":43},"end":{"line":183,"column":3}}},"12":{"name":"(anonymous_14)","decl":{"start":{"line":170,"column":28},"end":{"line":170,"column":29}},"loc":{"start":{"line":170,"column":47},"end":{"line":180,"column":5}}},"13":{"name":"(anonymous_15)","decl":{"start":{"line":185,"column":10},"end":{"line":185,"column":15}},"loc":{"start":{"line":185,"column":72},"end":{"line":203,"column":3}}},"14":{"name":"(anonymous_16)","decl":{"start":{"line":189,"column":37},"end":{"line":189,"column":38}},"loc":{"start":{"line":189,"column":42},"end":{"line":189,"column":77}}},"15":{"name":"(anonymous_17)","decl":{"start":{"line":193,"column":56},"end":{"line":193,"column":57}},"loc":{"start":{"line":193,"column":61},"end":{"line":193,"column":83}}},"16":{"name":"(anonymous_18)","decl":{"start":{"line":205,"column":10},"end":{"line":205,"column":15}},"loc":{"start":{"line":205,"column":81},"end":{"line":234,"column":3}}},"17":{"name":"(anonymous_19)","decl":{"start":{"line":216,"column":44},"end":{"line":216,"column":51}},"loc":{"start":{"line":216,"column":54},"end":{"line":224,"column":7}}},"18":{"name":"(anonymous_20)","decl":{"start":{"line":236,"column":10},"end":{"line":236,"column":32}},"loc":{"start":{"line":236,"column":46},"end":{"line":252,"column":3}}},"19":{"name":"(anonymous_21)","decl":{"start":{"line":254,"column":2},"end":{"line":254,"column":7}},"loc":{"start":{"line":254,"column":23},"end":{"line":266,"column":3}}},"20":{"name":"(anonymous_22)","decl":{"start":{"line":255,"column":39},"end":{"line":255,"column":43}},"loc":{"start":{"line":255,"column":48},"end":{"line":260,"column":6}}},"21":{"name":"(anonymous_23)","decl":{"start":{"line":268,"column":10},"end":{"line":268,"column":20}},"loc":{"start":{"line":268,"column":33},"end":{"line":274,"column":3}}},"22":{"name":"(anonymous_24)","decl":{"start":{"line":276,"column":10},"end":{"line":276,"column":20}},"loc":{"start":{"line":276,"column":39},"end":{"line":285,"column":3}}}},"branchMap":{"0":{"loc":{"start":{"line":38,"column":4},"end":{"line":49,"column":5}},"type":"if","locations":[{"start":{"line":38,"column":4},"end":{"line":49,"column":5}},{"start":{"line":44,"column":11},"end":{"line":49,"column":5}}]},"1":{"loc":{"start":{"line":40,"column":13},"end":{"line":43,"column":15}},"type":"binary-expr","locations":[{"start":{"line":40,"column":13},"end":{"line":42,"column":null}},{"start":{"line":43,"column":11},"end":{"line":43,"column":15}}]},"2":{"loc":{"start":{"line":41,"column":8},"end":{"line":42,"column":70}},"type":"binary-expr","locations":[{"start":{"line":41,"column":8},"end":{"line":41,"column":77}},{"start":{"line":42,"column":8},"end":{"line":42,"column":70}}]},"3":{"loc":{"start":{"line":45,"column":13},"end":{"line":48,"column":15}},"type":"binary-expr","locations":[{"start":{"line":45,"column":13},"end":{"line":47,"column":null}},{"start":{"line":48,"column":11},"end":{"line":48,"column":15}}]},"4":{"loc":{"start":{"line":46,"column":8},"end":{"line":47,"column":86}},"type":"binary-expr","locations":[{"start":{"line":46,"column":8},"end":{"line":46,"column":77}},{"start":{"line":47,"column":8},"end":{"line":47,"column":86}}]},"5":{"loc":{"start":{"line":56,"column":4},"end":{"line":63,"column":5}},"type":"if","locations":[{"start":{"line":56,"column":4},"end":{"line":63,"column":5}},{"start":{},"end":{}}]},"6":{"loc":{"start":{"line":59,"column":8},"end":{"line":61,"column":50}},"type":"binary-expr","locations":[{"start":{"line":59,"column":8},"end":{"line":59,"column":51}},{"start":{"line":60,"column":8},"end":{"line":60,"column":60}},{"start":{"line":61,"column":8},"end":{"line":61,"column":50}}]},"7":{"loc":{"start":{"line":66,"column":4},"end":{"line":71,"column":5}},"type":"if","locations":[{"start":{"line":66,"column":4},"end":{"line":71,"column":5}},{"start":{},"end":{}}]},"8":{"loc":{"start":{"line":74,"column":17},"end":{"line":74,"column":36}},"type":"binary-expr","locations":[{"start":{"line":74,"column":17},"end":{"line":74,"column":31}},{"start":{"line":74,"column":35},"end":{"line":74,"column":36}}]},"9":{"loc":{"start":{"line":75,"column":18},"end":{"line":75,"column":39}},"type":"binary-expr","locations":[{"start":{"line":75,"column":18},"end":{"line":75,"column":33}},{"start":{"line":75,"column":37},"end":{"line":75,"column":39}}]},"10":{"loc":{"start":{"line":104,"column":4},"end":{"line":106,"column":5}},"type":"if","locations":[{"start":{"line":104,"column":4},"end":{"line":106,"column":5}},{"start":{},"end":{}}]},"11":{"loc":{"start":{"line":172,"column":6},"end":{"line":179,"column":7}},"type":"if","locations":[{"start":{"line":172,"column":6},"end":{"line":179,"column":7}},{"start":{},"end":{}}]},"12":{"loc":{"start":{"line":172,"column":10},"end":{"line":172,"column":48}},"type":"binary-expr","locations":[{"start":{"line":172,"column":10},"end":{"line":172,"column":17}},{"start":{"line":172,"column":21},"end":{"line":172,"column":48}}]},"13":{"loc":{"start":{"line":190,"column":4},"end":{"line":200,"column":5}},"type":"if","locations":[{"start":{"line":190,"column":4},"end":{"line":200,"column":5}},{"start":{},"end":{}}]},"14":{"loc":{"start":{"line":194,"column":8},"end":{"line":196,"column":9}},"type":"if","locations":[{"start":{"line":194,"column":8},"end":{"line":196,"column":9}},{"start":{},"end":{}}]},"15":{"loc":{"start":{"line":210,"column":4},"end":{"line":212,"column":5}},"type":"if","locations":[{"start":{"line":210,"column":4},"end":{"line":212,"column":5}},{"start":{},"end":{}}]},"16":{"loc":{"start":{"line":222,"column":27},"end":{"line":222,"column":55}},"type":"binary-expr","locations":[{"start":{"line":222,"column":27},"end":{"line":222,"column":42}},{"start":{"line":222,"column":46},"end":{"line":222,"column":55}}]},"17":{"loc":{"start":{"line":251,"column":11},"end":{"line":251,"column":37}},"type":"binary-expr","locations":[{"start":{"line":251,"column":11},"end":{"line":251,"column":31}},{"start":{"line":251,"column":35},"end":{"line":251,"column":37}}]},"18":{"loc":{"start":{"line":257,"column":15},"end":{"line":257,"column":124}},"type":"cond-expr","locations":[{"start":{"line":257,"column":42},"end":{"line":257,"column":83}},{"start":{"line":257,"column":86},"end":{"line":257,"column":124}}]},"19":{"loc":{"start":{"line":277,"column":4},"end":{"line":283,"column":5}},"type":"if","locations":[{"start":{"line":277,"column":4},"end":{"line":283,"column":5}},{"start":{},"end":{}}]},"20":{"loc":{"start":{"line":15,"column":36},"end":{"line":15,"column":null}},"type":"cond-expr","locations":[{"start":{"line":15,"column":49},"end":{"line":15,"column":null}},{"start":{"line":15,"column":49},"end":{"line":15,"column":null}}]},"21":{"loc":{"start":{"line":15,"column":36},"end":{"line":15,"column":49}},"type":"binary-expr","locations":[{"start":{"line":15,"column":36},"end":{"line":15,"column":null}},{"start":{"line":15,"column":36},"end":{"line":15,"column":49}}]},"22":{"loc":{"start":{"line":15,"column":49},"end":{"line":16,"column":null}},"type":"cond-expr","locations":[{"start":{"line":16,"column":47},"end":{"line":16,"column":null}},{"start":{"line":16,"column":47},"end":{"line":16,"column":null}}]},"23":{"loc":{"start":{"line":15,"column":49},"end":{"line":16,"column":47}},"type":"binary-expr","locations":[{"start":{"line":15,"column":49},"end":{"line":16,"column":null}},{"start":{"line":16,"column":35},"end":{"line":16,"column":47}}]}},"s":{"0":4,"1":4,"2":4,"3":4,"4":4,"5":4,"6":19,"7":19,"8":19,"9":19,"10":19,"11":19,"12":19,"13":19,"14":18,"15":18,"16":1,"17":1,"18":6,"19":6,"20":2,"21":2,"22":3,"23":4,"24":5,"25":6,"26":6,"27":1,"28":1,"29":2,"30":6,"31":1,"32":1,"33":2,"34":6,"35":6,"36":6,"37":6,"38":6,"39":6,"40":8,"41":3,"42":3,"43":3,"44":1,"45":2,"46":2,"47":1,"48":1,"49":1,"50":1,"51":1,"52":1,"53":1,"54":1,"55":2,"56":2,"57":2,"58":2,"59":24,"60":24,"61":4,"62":2,"63":0,"64":0,"65":0,"66":0,"67":0,"68":0,"69":0,"70":0,"71":0,"72":0,"73":0,"74":0,"75":1,"76":1,"77":1,"78":0,"79":1,"80":1,"81":1,"82":2,"83":2,"84":2,"85":1,"86":1,"87":0,"88":0,"89":2,"90":2,"91":2,"92":4,"93":2,"94":26,"95":4,"96":4,"97":4,"98":4,"99":4,"100":0,"101":4,"102":4},"f":{"0":19,"1":19,"2":19,"3":6,"4":3,"5":5,"6":6,"7":2,"8":2,"9":8,"10":3,"11":2,"12":24,"13":0,"14":0,"15":0,"16":1,"17":2,"18":2,"19":2,"20":4,"21":26,"22":4},"b":{"0":[2,4],"1":[2,1],"2":[3,2],"3":[4,1],"4":[5,3],"5":[1,5],"6":[2,1,1],"7":[1,5],"8":[6,4],"9":[6,4],"10":[1,2],"11":[4,20],"12":[24,4],"13":[0,0],"14":[0,0],"15":[0,1],"16":[2,1],"17":[2,0],"18":[4,0],"19":[4,0],"20":[4,0],"21":[4,4],"22":[4,0],"23":[4,4]}}
,"/Users/yitzjordan/demo/rxview/src/drug/openai.service.ts": {"path":"/Users/yitzjordan/demo/rxview/src/drug/openai.service.ts","statementMap":{"0":{"start":{"line":1,"column":0},"end":{"line":1,"column":52}},"1":{"start":{"line":2,"column":0},"end":{"line":2,"column":47}},"2":{"start":{"line":3,"column":0},"end":{"line":3,"column":28}},"3":{"start":{"line":5,"column":0},"end":{"line":5,"column":47}},"4":{"start":{"line":8,"column":26},"end":{"line":321,"column":null}},"5":{"start":{"line":9,"column":28},"end":{"line":9,"column":58}},"6":{"start":{"line":11,"column":32},"end":{"line":11,"column":33}},"7":{"start":{"line":12,"column":31},"end":{"line":12,"column":35}},"8":{"start":{"line":15,"column":12},"end":{"line":15,"column":27}},"9":{"start":{"line":16,"column":21},"end":{"line":16,"column":35}},"10":{"start":{"line":18,"column":19},"end":{"line":18,"column":67}},"11":{"start":{"line":19,"column":4},"end":{"line":22,"column":5}},"12":{"start":{"line":20,"column":6},"end":{"line":20,"column":82}},"13":{"start":{"line":21,"column":6},"end":{"line":21,"column":13}},"14":{"start":{"line":24,"column":4},"end":{"line":26,"column":7}},"15":{"start":{"line":30,"column":4},"end":{"line":32,"column":5}},"16":{"start":{"line":31,"column":6},"end":{"line":31,"column":47}},"17":{"start":{"line":35,"column":21},"end":{"line":35,"column":49}},"18":{"start":{"line":36,"column":19},"end":{"line":36,"column":96}},"19":{"start":{"line":37,"column":4},"end":{"line":39,"column":5}},"20":{"start":{"line":38,"column":6},"end":{"line":38,"column":20}},"21":{"start":{"line":41,"column":19},"end":{"line":41,"column":656}},"22":{"start":{"line":43,"column":4},"end":{"line":65,"column":13}},"23":{"start":{"line":44,"column":25},"end":{"line":49,"column":8}},"24":{"start":{"line":51,"column":23},"end":{"line":51,"column":62}},"25":{"start":{"line":52,"column":6},"end":{"line":54,"column":7}},"26":{"start":{"line":53,"column":8},"end":{"line":53,"column":51}},"27":{"start":{"line":56,"column":6},"end":{"line":64,"column":7}},"28":{"start":{"line":57,"column":23},"end":{"line":57,"column":43}},"29":{"start":{"line":59,"column":8},"end":{"line":59,"column":61}},"30":{"start":{"line":60,"column":8},"end":{"line":60,"column":22}},"31":{"start":{"line":62,"column":8},"end":{"line":62,"column":76}},"32":{"start":{"line":63,"column":8},"end":{"line":63,"column":49}},"33":{"start":{"line":69,"column":4},"end":{"line":71,"column":5}},"34":{"start":{"line":70,"column":6},"end":{"line":70,"column":43}},"35":{"start":{"line":74,"column":21},"end":{"line":74,"column":49}},"36":{"start":{"line":75,"column":19},"end":{"line":75,"column":64}},"37":{"start":{"line":76,"column":4},"end":{"line":78,"column":5}},"38":{"start":{"line":77,"column":6},"end":{"line":77,"column":20}},"39":{"start":{"line":80,"column":19},"end":{"line":80,"column":576}},"40":{"start":{"line":82,"column":4},"end":{"line":96,"column":13}},"41":{"start":{"line":83,"column":25},"end":{"line":88,"column":8}},"42":{"start":{"line":90,"column":23},"end":{"line":90,"column":70}},"43":{"start":{"line":91,"column":22},"end":{"line":91,"column":63}},"44":{"start":{"line":94,"column":6},"end":{"line":94,"column":60}},"45":{"start":{"line":95,"column":6},"end":{"line":95,"column":21}},"46":{"start":{"line":100,"column":4},"end":{"line":102,"column":5}},"47":{"start":{"line":101,"column":6},"end":{"line":101,"column":16}},"48":{"start":{"line":105,"column":21},"end":{"line":105,"column":54}},"49":{"start":{"line":106,"column":19},"end":{"line":106,"column":85}},"50":{"start":{"line":107,"column":4},"end":{"line":109,"column":5}},"51":{"start":{"line":108,"column":6},"end":{"line":108,"column":20}},"52":{"start":{"line":111,"column":30},"end":{"line":124,"column":6}},"53":{"start":{"line":127,"column":30},"end":{"line":132,"column":13}},"54":{"start":{"line":128,"column":32},"end":{"line":128,"column":57}},"55":{"start":{"line":129,"column":40},"end":{"line":132,"column":8}},"56":{"start":{"line":134,"column":4},"end":{"line":136,"column":5}},"57":{"start":{"line":135,"column":6},"end":{"line":135,"column":16}},"58":{"start":{"line":138,"column":25},"end":{"line":138,"column":413}},"59":{"start":{"line":140,"column":23},"end":{"line":140,"column":266}},"60":{"start":{"line":142,"column":4},"end":{"line":218,"column":13}},"61":{"start":{"line":143,"column":23},"end":{"line":211,"column":8}},"62":{"start":{"line":213,"column":21},"end":{"line":213,"column":53}},"63":{"start":{"line":216,"column":6},"end":{"line":216,"column":59}},"64":{"start":{"line":217,"column":6},"end":{"line":217,"column":20}},"65":{"start":{"line":223,"column":4},"end":{"line":223,"column":100}},"66":{"start":{"line":224,"column":4},"end":{"line":226,"column":5}},"67":{"start":{"line":225,"column":6},"end":{"line":225,"column":16}},"68":{"start":{"line":229,"column":21},"end":{"line":229,"column":82}},"69":{"start":{"line":230,"column":19},"end":{"line":230,"column":64}},"70":{"start":{"line":231,"column":4},"end":{"line":233,"column":5}},"71":{"start":{"line":232,"column":6},"end":{"line":232,"column":20}},"72":{"start":{"line":235,"column":28},"end":{"line":235,"column":70}},"73":{"start":{"line":236,"column":19},"end":{"line":236,"column":420}},"74":{"start":{"line":238,"column":4},"end":{"line":253,"column":13}},"75":{"start":{"line":239,"column":25},"end":{"line":244,"column":8}},"76":{"start":{"line":246,"column":23},"end":{"line":246,"column":76}},"77":{"start":{"line":249,"column":6},"end":{"line":251,"column":7}},"78":{"start":{"line":250,"column":8},"end":{"line":250,"column":63}},"79":{"start":{"line":252,"column":6},"end":{"line":252,"column":22}},"80":{"start":{"line":261,"column":4},"end":{"line":282,"column":5}},"81":{"start":{"line":262,"column":6},"end":{"line":262,"column":31}},"82":{"start":{"line":264,"column":6},"end":{"line":264,"column":107}},"83":{"start":{"line":266,"column":6},"end":{"line":269,"column":7}},"84":{"start":{"line":267,"column":8},"end":{"line":267,"column":71}},"85":{"start":{"line":268,"column":8},"end":{"line":268,"column":20}},"86":{"start":{"line":272,"column":6},"end":{"line":279,"column":7}},"87":{"start":{"line":273,"column":22},"end":{"line":273,"column":63}},"88":{"start":{"line":274,"column":8},"end":{"line":274,"column":88}},"89":{"start":{"line":275,"column":8},"end":{"line":275,"column":32}},"90":{"start":{"line":278,"column":8},"end":{"line":278,"column":30}},"91":{"start":{"line":281,"column":6},"end":{"line":281,"column":68}},"92":{"start":{"line":286,"column":4},"end":{"line":289,"column":6}},"93":{"start":{"line":293,"column":4},"end":{"line":293,"column":152}},"94":{"start":{"line":297,"column":4},"end":{"line":304,"column":14}},"95":{"start":{"line":308,"column":4},"end":{"line":308,"column":59}},"96":{"start":{"line":308,"column":34},"end":{"line":308,"column":57}},"97":{"start":{"line":313,"column":15},"end":{"line":313,"column":16}},"98":{"start":{"line":314,"column":4},"end":{"line":318,"column":5}},"99":{"start":{"line":314,"column":17},"end":{"line":314,"column":18}},"100":{"start":{"line":315,"column":19},"end":{"line":315,"column":40}},"101":{"start":{"line":316,"column":6},"end":{"line":316,"column":41}},"102":{"start":{"line":317,"column":6},"end":{"line":317,"column":25}},"103":{"start":{"line":319,"column":4},"end":{"line":319,"column":39}},"104":{"start":{"line":8,"column":13},"end":{"line":8,"column":26}},"105":{"start":{"line":8,"column":13},"end":{"line":321,"column":null}}},"fnMap":{"0":{"name":"(anonymous_3)","decl":{"start":{"line":14,"column":2},"end":{"line":14,"column":null}},"loc":{"start":{"line":16,"column":47},"end":{"line":27,"column":3}}},"1":{"name":"(anonymous_4)","decl":{"start":{"line":29,"column":2},"end":{"line":29,"column":7}},"loc":{"start":{"line":29,"column":43},"end":{"line":66,"column":3}}},"2":{"name":"(anonymous_5)","decl":{"start":{"line":43,"column":42},"end":{"line":43,"column":47}},"loc":{"start":{"line":43,"column":53},"end":{"line":65,"column":5}}},"3":{"name":"(anonymous_6)","decl":{"start":{"line":68,"column":2},"end":{"line":68,"column":7}},"loc":{"start":{"line":68,"column":43},"end":{"line":97,"column":3}}},"4":{"name":"(anonymous_7)","decl":{"start":{"line":82,"column":42},"end":{"line":82,"column":47}},"loc":{"start":{"line":82,"column":53},"end":{"line":96,"column":5}}},"5":{"name":"(anonymous_8)","decl":{"start":{"line":99,"column":2},"end":{"line":99,"column":7}},"loc":{"start":{"line":99,"column":42},"end":{"line":219,"column":3}}},"6":{"name":"(anonymous_9)","decl":{"start":{"line":128,"column":14},"end":{"line":128,"column":15}},"loc":{"start":{"line":128,"column":32},"end":{"line":128,"column":57}}},"7":{"name":"(anonymous_10)","decl":{"start":{"line":129,"column":14},"end":{"line":129,"column":15}},"loc":{"start":{"line":129,"column":40},"end":{"line":132,"column":8}}},"8":{"name":"(anonymous_11)","decl":{"start":{"line":142,"column":42},"end":{"line":142,"column":47}},"loc":{"start":{"line":142,"column":53},"end":{"line":218,"column":5}}},"9":{"name":"(anonymous_12)","decl":{"start":{"line":222,"column":2},"end":{"line":222,"column":7}},"loc":{"start":{"line":222,"column":55},"end":{"line":254,"column":3}}},"10":{"name":"(anonymous_13)","decl":{"start":{"line":238,"column":42},"end":{"line":238,"column":47}},"loc":{"start":{"line":238,"column":53},"end":{"line":253,"column":5}}},"11":{"name":"(anonymous_14)","decl":{"start":{"line":256,"column":10},"end":{"line":256,"column":15}},"loc":{"start":{"line":259,"column":23},"end":{"line":283,"column":3}}},"12":{"name":"(anonymous_15)","decl":{"start":{"line":285,"column":10},"end":{"line":285,"column":32}},"loc":{"start":{"line":285,"column":48},"end":{"line":290,"column":3}}},"13":{"name":"(anonymous_16)","decl":{"start":{"line":292,"column":10},"end":{"line":292,"column":28}},"loc":{"start":{"line":292,"column":44},"end":{"line":294,"column":3}}},"14":{"name":"(anonymous_17)","decl":{"start":{"line":296,"column":10},"end":{"line":296,"column":19}},"loc":{"start":{"line":296,"column":32},"end":{"line":305,"column":3}}},"15":{"name":"(anonymous_18)","decl":{"start":{"line":307,"column":10},"end":{"line":307,"column":15}},"loc":{"start":{"line":307,"column":26},"end":{"line":309,"column":3}}},"16":{"name":"(anonymous_19)","decl":{"start":{"line":308,"column":23},"end":{"line":308,"column":30}},"loc":{"start":{"line":308,"column":34},"end":{"line":308,"column":57}}},"17":{"name":"(anonymous_20)","decl":{"start":{"line":311,"column":10},"end":{"line":311,"column":21}},"loc":{"start":{"line":311,"column":37},"end":{"line":320,"column":3}}}},"branchMap":{"0":{"loc":{"start":{"line":19,"column":4},"end":{"line":22,"column":5}},"type":"if","locations":[{"start":{"line":19,"column":4},"end":{"line":22,"column":5}},{"start":{},"end":{}}]},"1":{"loc":{"start":{"line":30,"column":4},"end":{"line":32,"column":5}},"type":"if","locations":[{"start":{"line":30,"column":4},"end":{"line":32,"column":5}},{"start":{},"end":{}}]},"2":{"loc":{"start":{"line":37,"column":4},"end":{"line":39,"column":5}},"type":"if","locations":[{"start":{"line":37,"column":4},"end":{"line":39,"column":5}},{"start":{},"end":{}}]},"3":{"loc":{"start":{"line":41,"column":348},"end":{"line":41,"column":474}},"type":"cond-expr","locations":[{"start":{"line":41,"column":381},"end":{"line":41,"column":469}},{"start":{"line":41,"column":472},"end":{"line":41,"column":474}}]},"4":{"loc":{"start":{"line":52,"column":6},"end":{"line":54,"column":7}},"type":"if","locations":[{"start":{"line":52,"column":6},"end":{"line":54,"column":7}},{"start":{},"end":{}}]},"5":{"loc":{"start":{"line":69,"column":4},"end":{"line":71,"column":5}},"type":"if","locations":[{"start":{"line":69,"column":4},"end":{"line":71,"column":5}},{"start":{},"end":{}}]},"6":{"loc":{"start":{"line":76,"column":4},"end":{"line":78,"column":5}},"type":"if","locations":[{"start":{"line":76,"column":4},"end":{"line":78,"column":5}},{"start":{},"end":{}}]},"7":{"loc":{"start":{"line":80,"column":254},"end":{"line":80,"column":380}},"type":"cond-expr","locations":[{"start":{"line":80,"column":287},"end":{"line":80,"column":375}},{"start":{"line":80,"column":378},"end":{"line":80,"column":380}}]},"8":{"loc":{"start":{"line":91,"column":22},"end":{"line":91,"column":63}},"type":"binary-expr","locations":[{"start":{"line":91,"column":22},"end":{"line":91,"column":30}},{"start":{"line":91,"column":34},"end":{"line":91,"column":63}}]},"9":{"loc":{"start":{"line":100,"column":4},"end":{"line":102,"column":5}},"type":"if","locations":[{"start":{"line":100,"column":4},"end":{"line":102,"column":5}},{"start":{},"end":{}}]},"10":{"loc":{"start":{"line":107,"column":4},"end":{"line":109,"column":5}},"type":"if","locations":[{"start":{"line":107,"column":4},"end":{"line":109,"column":5}},{"start":{},"end":{}}]},"11":{"loc":{"start":{"line":128,"column":32},"end":{"line":128,"column":57}},"type":"binary-expr","locations":[{"start":{"line":128,"column":32},"end":{"line":128,"column":39}},{"start":{"line":128,"column":43},"end":{"line":128,"column":57}}]},"12":{"loc":{"start":{"line":134,"column":4},"end":{"line":136,"column":5}},"type":"if","locations":[{"start":{"line":134,"column":4},"end":{"line":136,"column":5}},{"start":{},"end":{}}]},"13":{"loc":{"start":{"line":224,"column":4},"end":{"line":226,"column":5}},"type":"if","locations":[{"start":{"line":224,"column":4},"end":{"line":226,"column":5}},{"start":{},"end":{}}]},"14":{"loc":{"start":{"line":224,"column":8},"end":{"line":224,"column":32}},"type":"binary-expr","locations":[{"start":{"line":224,"column":8},"end":{"line":224,"column":20}},{"start":{"line":224,"column":24},"end":{"line":224,"column":32}}]},"15":{"loc":{"start":{"line":231,"column":4},"end":{"line":233,"column":5}},"type":"if","locations":[{"start":{"line":231,"column":4},"end":{"line":233,"column":5}},{"start":{},"end":{}}]},"16":{"loc":{"start":{"line":246,"column":23},"end":{"line":246,"column":76}},"type":"binary-expr","locations":[{"start":{"line":246,"column":23},"end":{"line":246,"column":70}},{"start":{"line":246,"column":74},"end":{"line":246,"column":76}}]},"17":{"loc":{"start":{"line":249,"column":6},"end":{"line":251,"column":7}},"type":"if","locations":[{"start":{"line":249,"column":6},"end":{"line":251,"column":7}},{"start":{},"end":{}}]},"18":{"loc":{"start":{"line":259,"column":4},"end":{"line":259,"column":23}},"type":"default-arg","locations":[{"start":{"line":259,"column":22},"end":{"line":259,"column":23}}]},"19":{"loc":{"start":{"line":266,"column":6},"end":{"line":269,"column":7}},"type":"if","locations":[{"start":{"line":266,"column":6},"end":{"line":269,"column":7}},{"start":{},"end":{}}]},"20":{"loc":{"start":{"line":272,"column":6},"end":{"line":279,"column":7}},"type":"if","locations":[{"start":{"line":272,"column":6},"end":{"line":279,"column":7}},{"start":{"line":276,"column":13},"end":{"line":279,"column":7}}]},"21":{"loc":{"start":{"line":272,"column":10},"end":{"line":272,"column":70}},"type":"binary-expr","locations":[{"start":{"line":272,"column":10},"end":{"line":272,"column":30}},{"start":{"line":272,"column":34},"end":{"line":272,"column":70}}]},"22":{"loc":{"start":{"line":15,"column":27},"end":{"line":15,"column":null}},"type":"cond-expr","locations":[{"start":{"line":15,"column":40},"end":{"line":15,"column":null}},{"start":{"line":15,"column":40},"end":{"line":15,"column":null}}]},"23":{"loc":{"start":{"line":15,"column":27},"end":{"line":15,"column":40}},"type":"binary-expr","locations":[{"start":{"line":15,"column":27},"end":{"line":15,"column":null}},{"start":{"line":15,"column":27},"end":{"line":15,"column":40}}]},"24":{"loc":{"start":{"line":15,"column":40},"end":{"line":16,"column":null}},"type":"cond-expr","locations":[{"start":{"line":16,"column":47},"end":{"line":16,"column":null}},{"start":{"line":16,"column":47},"end":{"line":16,"column":null}}]},"25":{"loc":{"start":{"line":15,"column":40},"end":{"line":16,"column":47}},"type":"binary-expr","locations":[{"start":{"line":15,"column":40},"end":{"line":16,"column":null}},{"start":{"line":16,"column":35},"end":{"line":16,"column":47}}]}},"s":{"0":4,"1":4,"2":4,"3":4,"4":4,"5":0,"6":0,"7":0,"8":0,"9":0,"10":0,"11":0,"12":0,"13":0,"14":0,"15":0,"16":0,"17":0,"18":0,"19":0,"20":0,"21":0,"22":0,"23":0,"24":0,"25":0,"26":0,"27":0,"28":0,"29":0,"30":0,"31":0,"32":0,"33":0,"34":0,"35":0,"36":0,"37":0,"38":0,"39":0,"40":0,"41":0,"42":0,"43":0,"44":0,"45":0,"46":0,"47":0,"48":0,"49":0,"50":0,"51":0,"52":0,"53":0,"54":0,"55":0,"56":0,"57":0,"58":0,"59":0,"60":0,"61":0,"62":0,"63":0,"64":0,"65":0,"66":0,"67":0,"68":0,"69":0,"70":0,"71":0,"72":0,"73":0,"74":0,"75":0,"76":0,"77":0,"78":0,"79":0,"80":0,"81":0,"82":0,"83":0,"84":0,"85":0,"86":0,"87":0,"88":0,"89":0,"90":0,"91":0,"92":0,"93":0,"94":0,"95":0,"96":0,"97":0,"98":0,"99":0,"100":0,"101":0,"102":0,"103":0,"104":4,"105":4},"f":{"0":0,"1":0,"2":0,"3":0,"4":0,"5":0,"6":0,"7":0,"8":0,"9":0,"10":0,"11":0,"12":0,"13":0,"14":0,"15":0,"16":0,"17":0},"b":{"0":[0,0],"1":[0,0],"2":[0,0],"3":[0,0],"4":[0,0],"5":[0,0],"6":[0,0],"7":[0,0],"8":[0,0],"9":[0,0],"10":[0,0],"11":[0,0],"12":[0,0],"13":[0,0],"14":[0,0],"15":[0,0],"16":[0,0],"17":[0,0],"18":[0],"19":[0,0],"20":[0,0],"21":[0,0],"22":[4,0],"23":[4,4],"24":[4,0],"25":[4,4]}}
,"/Users/yitzjordan/demo/rxview/src/drug/dto/drug-search.dto.ts": {"path":"/Users/yitzjordan/demo/rxview/src/drug/dto/drug-search.dto.ts","statementMap":{"0":{"start":{"line":1,"column":0},"end":{"line":1,"column":75}},"1":{"start":{"line":2,"column":0},"end":{"line":2,"column":46}},"2":{"start":{"line":3,"column":0},"end":{"line":3,"column":46}},"3":{"start":{"line":21,"column":18},"end":{"line":21,"column":19}},"4":{"start":{"line":29,"column":19},"end":{"line":29,"column":21}},"5":{"start":{"line":5,"column":0},"end":{"line":5,"column":13}},"6":{"start":{"line":9,"column":2},"end":{"line":9,"column":null}},"7":{"start":{"line":14,"column":2},"end":{"line":14,"column":null}},"8":{"start":{"line":21,"column":2},"end":{"line":21,"column":null}},"9":{"start":{"line":18,"column":28},"end":{"line":18,"column":43}},"10":{"start":{"line":29,"column":2},"end":{"line":29,"column":null}},"11":{"start":{"line":25,"column":28},"end":{"line":25,"column":43}}},"fnMap":{"0":{"name":"(anonymous_2)","decl":{"start":{"line":18,"column":13},"end":{"line":18,"column":14}},"loc":{"start":{"line":18,"column":28},"end":{"line":18,"column":43}}},"1":{"name":"(anonymous_3)","decl":{"start":{"line":25,"column":13},"end":{"line":25,"column":14}},"loc":{"start":{"line":25,"column":28},"end":{"line":25,"column":43}}}},"branchMap":{},"s":{"0":1,"1":1,"2":1,"3":0,"4":0,"5":1,"6":1,"7":1,"8":1,"9":0,"10":1,"11":0},"f":{"0":0,"1":0},"b":{}}
,"/Users/yitzjordan/demo/rxview/src/mcp/mcp.controller.ts": {"path":"/Users/yitzjordan/demo/rxview/src/mcp/mcp.controller.ts","statementMap":{"0":{"start":{"line":1,"column":0},"end":{"line":1,"column":64}},"1":{"start":{"line":2,"column":0},"end":{"line":2,"column":43}},"2":{"start":{"line":6,"column":26},"end":{"line":31,"column":null}},"3":{"start":{"line":7,"column":28},"end":{"line":7,"column":58}},"4":{"start":{"line":9,"column":31},"end":{"line":9,"column":43}},"5":{"start":{"line":13,"column":4},"end":{"line":13,"column":54}},"6":{"start":{"line":15,"column":4},"end":{"line":29,"column":5}},"7":{"start":{"line":16,"column":6},"end":{"line":16,"column":58}},"8":{"start":{"line":18,"column":6},"end":{"line":18,"column":74}},"9":{"start":{"line":20,"column":6},"end":{"line":28,"column":8}},"10":{"start":{"line":6,"column":13},"end":{"line":6,"column":26}},"11":{"start":{"line":12,"column":8},"end":{"line":30,"column":null}},"12":{"start":{"line":6,"column":13},"end":{"line":31,"column":null}}},"fnMap":{"0":{"name":"(anonymous_4)","decl":{"start":{"line":9,"column":2},"end":{"line":9,"column":31}},"loc":{"start":{"line":9,"column":53},"end":{"line":9,"column":57}}},"1":{"name":"(anonymous_5)","decl":{"start":{"line":12,"column":8},"end":{"line":12,"column":24}},"loc":{"start":{"line":12,"column":52},"end":{"line":30,"column":3}}}},"branchMap":{"0":{"loc":{"start":{"line":22,"column":12},"end":{"line":22,"column":30}},"type":"binary-expr","locations":[{"start":{"line":22,"column":12},"end":{"line":22,"column":22}},{"start":{"line":22,"column":26},"end":{"line":22,"column":30}}]},"1":{"loc":{"start":{"line":12,"column":55},"end":{"line":12,"column":null}},"type":"cond-expr","locations":[{"start":{"line":12,"column":62},"end":{"line":12,"column":null}},{"start":{"line":12,"column":62},"end":{"line":12,"column":null}}]},"2":{"loc":{"start":{"line":12,"column":55},"end":{"line":12,"column":62}},"type":"binary-expr","locations":[{"start":{"line":12,"column":55},"end":{"line":12,"column":null}},{"start":{"line":12,"column":55},"end":{"line":12,"column":62}}]},"3":{"loc":{"start":{"line":9,"column":43},"end":{"line":9,"column":56}},"type":"cond-expr","locations":[{"start":{"line":9,"column":53},"end":{"line":9,"column":56}},{"start":{"line":9,"column":53},"end":{"line":9,"column":56}}]},"4":{"loc":{"start":{"line":9,"column":43},"end":{"line":9,"column":53}},"type":"binary-expr","locations":[{"start":{"line":9,"column":43},"end":{"line":9,"column":56}},{"start":{"line":9,"column":43},"end":{"line":9,"column":53}}]}},"s":{"0":1,"1":1,"2":1,"3":8,"4":8,"5":8,"6":8,"7":8,"8":4,"9":4,"10":1,"11":1,"12":1},"f":{"0":8,"1":8},"b":{"0":[4,2],"1":[1,0],"2":[1,1],"3":[1,0],"4":[1,1]}}
,"/Users/yitzjordan/demo/rxview/src/mcp/mcp.module.ts": {"path":"/Users/yitzjordan/demo/rxview/src/mcp/mcp.module.ts","statementMap":{"0":{"start":{"line":1,"column":0},"end":{"line":1,"column":40}},"1":{"start":{"line":2,"column":0},"end":{"line":2,"column":49}},"2":{"start":{"line":3,"column":0},"end":{"line":3,"column":43}},"3":{"start":{"line":4,"column":0},"end":{"line":4,"column":49}},"4":{"start":{"line":11,"column":7},"end":{"line":11,"column":null}},"5":{"start":{"line":11,"column":13},"end":{"line":11,"column":22}},"6":{"start":{"line":11,"column":13},"end":{"line":11,"column":null}}},"fnMap":{},"branchMap":{},"s":{"0":0,"1":0,"2":0,"3":0,"4":0,"5":0,"6":0},"f":{},"b":{}}
,"/Users/yitzjordan/demo/rxview/src/mcp/mcp.service.ts": {"path":"/Users/yitzjordan/demo/rxview/src/mcp/mcp.service.ts","statementMap":{"0":{"start":{"line":1,"column":0},"end":{"line":1,"column":52}},"1":{"start":{"line":2,"column":0},"end":{"line":2,"column":51}},"2":{"start":{"line":6,"column":23},"end":{"line":253,"column":null}},"3":{"start":{"line":7,"column":28},"end":{"line":7,"column":55}},"4":{"start":{"line":9,"column":31},"end":{"line":9,"column":44}},"5":{"start":{"line":12,"column":4},"end":{"line":31,"column":5}},"6":{"start":{"line":14,"column":8},"end":{"line":14,"column":50}},"7":{"start":{"line":17,"column":8},"end":{"line":17,"column":65}},"8":{"start":{"line":20,"column":8},"end":{"line":20,"column":67}},"9":{"start":{"line":23,"column":8},"end":{"line":30,"column":10}},"10":{"start":{"line":35,"column":4},"end":{"line":48,"column":6}},"11":{"start":{"line":52,"column":29},"end":{"line":116,"column":6}},"12":{"start":{"line":118,"column":4},"end":{"line":124,"column":6}},"13":{"start":{"line":128,"column":4},"end":{"line":152,"column":5}},"14":{"start":{"line":129,"column":21},"end":{"line":129,"column":51}},"15":{"start":{"line":131,"column":6},"end":{"line":135,"column":8}},"16":{"start":{"line":137,"column":6},"end":{"line":137,"column":75}},"17":{"start":{"line":139,"column":6},"end":{"line":151,"column":8}},"18":{"start":{"line":156,"column":4},"end":{"line":168,"column":5}},"19":{"start":{"line":158,"column":8},"end":{"line":158,"column":100}},"20":{"start":{"line":161,"column":8},"end":{"line":161,"column":123}},"21":{"start":{"line":164,"column":8},"end":{"line":164,"column":106}},"22":{"start":{"line":167,"column":8},"end":{"line":167,"column":58}},"23":{"start":{"line":172,"column":38},"end":{"line":172,"column":42}},"24":{"start":{"line":174,"column":17},"end":{"line":174,"column":77}},"25":{"start":{"line":176,"column":4},"end":{"line":187,"column":5}},"26":{"start":{"line":177,"column":25},"end":{"line":177,"column":80}},"27":{"start":{"line":178,"column":6},"end":{"line":186,"column":8}},"28":{"start":{"line":189,"column":28},"end":{"line":189,"column":75}},"29":{"start":{"line":191,"column":4},"end":{"line":198,"column":6}},"30":{"start":{"line":202,"column":26},"end":{"line":202,"column":66}},"31":{"start":{"line":204,"column":4},"end":{"line":211,"column":6}},"32":{"start":{"line":215,"column":38},"end":{"line":215,"column":42}},"33":{"start":{"line":217,"column":17},"end":{"line":217,"column":77}},"34":{"start":{"line":219,"column":4},"end":{"line":230,"column":5}},"35":{"start":{"line":220,"column":25},"end":{"line":220,"column":80}},"36":{"start":{"line":221,"column":6},"end":{"line":229,"column":8}},"37":{"start":{"line":232,"column":28},"end":{"line":232,"column":75}},"38":{"start":{"line":234,"column":29},"end":{"line":234,"column":96}},"39":{"start":{"line":234,"column":72},"end":{"line":234,"column":95}},"40":{"start":{"line":236,"column":4},"end":{"line":251,"column":6}},"41":{"start":{"line":243,"column":63},"end":{"line":247,"column":14}},"42":{"start":{"line":6,"column":13},"end":{"line":6,"column":23}},"43":{"start":{"line":6,"column":13},"end":{"line":253,"column":null}}},"fnMap":{"0":{"name":"(anonymous_2)","decl":{"start":{"line":9,"column":2},"end":{"line":9,"column":31}},"loc":{"start":{"line":9,"column":55},"end":{"line":9,"column":59}}},"1":{"name":"(anonymous_3)","decl":{"start":{"line":11,"column":2},"end":{"line":11,"column":7}},"loc":{"start":{"line":11,"column":41},"end":{"line":32,"column":3}}},"2":{"name":"(anonymous_4)","decl":{"start":{"line":34,"column":10},"end":{"line":34,"column":20}},"loc":{"start":{"line":34,"column":61},"end":{"line":49,"column":3}}},"3":{"name":"(anonymous_5)","decl":{"start":{"line":51,"column":10},"end":{"line":51,"column":19}},"loc":{"start":{"line":51,"column":46},"end":{"line":125,"column":3}}},"4":{"name":"(anonymous_6)","decl":{"start":{"line":127,"column":10},"end":{"line":127,"column":15}},"loc":{"start":{"line":127,"column":72},"end":{"line":153,"column":3}}},"5":{"name":"(anonymous_7)","decl":{"start":{"line":155,"column":10},"end":{"line":155,"column":15}},"loc":{"start":{"line":155,"column":49},"end":{"line":169,"column":3}}},"6":{"name":"(anonymous_8)","decl":{"start":{"line":171,"column":10},"end":{"line":171,"column":15}},"loc":{"start":{"line":171,"column":78},"end":{"line":199,"column":3}}},"7":{"name":"(anonymous_9)","decl":{"start":{"line":201,"column":10},"end":{"line":201,"column":15}},"loc":{"start":{"line":201,"column":101},"end":{"line":212,"column":3}}},"8":{"name":"(anonymous_10)","decl":{"start":{"line":214,"column":10},"end":{"line":214,"column":15}},"loc":{"start":{"line":214,"column":84},"end":{"line":252,"column":3}}},"9":{"name":"(anonymous_11)","decl":{"start":{"line":234,"column":61},"end":{"line":234,"column":68}},"loc":{"start":{"line":234,"column":72},"end":{"line":234,"column":95}}},"10":{"name":"(anonymous_12)","decl":{"start":{"line":243,"column":51},"end":{"line":243,"column":58}},"loc":{"start":{"line":243,"column":63},"end":{"line":247,"column":14}}}},"branchMap":{"0":{"loc":{"start":{"line":12,"column":4},"end":{"line":31,"column":5}},"type":"switch","locations":[{"start":{"line":13,"column":6},"end":{"line":14,"column":50}},{"start":{"line":16,"column":6},"end":{"line":17,"column":65}},{"start":{"line":19,"column":6},"end":{"line":20,"column":67}},{"start":{"line":22,"column":6},"end":{"line":30,"column":10}}]},"1":{"loc":{"start":{"line":14,"column":30},"end":{"line":14,"column":48}},"type":"binary-expr","locations":[{"start":{"line":14,"column":30},"end":{"line":14,"column":40}},{"start":{"line":14,"column":44},"end":{"line":14,"column":48}}]},"2":{"loc":{"start":{"line":17,"column":29},"end":{"line":17,"column":47}},"type":"binary-expr","locations":[{"start":{"line":17,"column":29},"end":{"line":17,"column":39}},{"start":{"line":17,"column":43},"end":{"line":17,"column":47}}]},"3":{"loc":{"start":{"line":20,"column":31},"end":{"line":20,"column":49}},"type":"binary-expr","locations":[{"start":{"line":20,"column":31},"end":{"line":20,"column":41}},{"start":{"line":20,"column":45},"end":{"line":20,"column":49}}]},"4":{"loc":{"start":{"line":25,"column":14},"end":{"line":25,"column":32}},"type":"binary-expr","locations":[{"start":{"line":25,"column":14},"end":{"line":25,"column":24}},{"start":{"line":25,"column":28},"end":{"line":25,"column":32}}]},"5":{"loc":{"start":{"line":156,"column":4},"end":{"line":168,"column":5}},"type":"switch","locations":[{"start":{"line":157,"column":6},"end":{"line":158,"column":100}},{"start":{"line":160,"column":6},"end":{"line":161,"column":123}},{"start":{"line":163,"column":6},"end":{"line":164,"column":106}},{"start":{"line":166,"column":6},"end":{"line":167,"column":58}}]},"6":{"loc":{"start":{"line":176,"column":4},"end":{"line":187,"column":5}},"type":"if","locations":[{"start":{"line":176,"column":4},"end":{"line":187,"column":5}},{"start":{},"end":{}}]},"7":{"loc":{"start":{"line":177,"column":25},"end":{"line":177,"column":80}},"type":"cond-expr","locations":[{"start":{"line":177,"column":39},"end":{"line":177,"column":69}},{"start":{"line":177,"column":72},"end":{"line":177,"column":80}}]},"8":{"loc":{"start":{"line":219,"column":4},"end":{"line":230,"column":5}},"type":"if","locations":[{"start":{"line":219,"column":4},"end":{"line":230,"column":5}},{"start":{},"end":{}}]},"9":{"loc":{"start":{"line":220,"column":25},"end":{"line":220,"column":80}},"type":"cond-expr","locations":[{"start":{"line":220,"column":39},"end":{"line":220,"column":69}},{"start":{"line":220,"column":72},"end":{"line":220,"column":80}}]},"10":{"loc":{"start":{"line":9,"column":44},"end":{"line":9,"column":58}},"type":"cond-expr","locations":[{"start":{"line":9,"column":55},"end":{"line":9,"column":58}},{"start":{"line":9,"column":55},"end":{"line":9,"column":58}}]},"11":{"loc":{"start":{"line":9,"column":44},"end":{"line":9,"column":55}},"type":"binary-expr","locations":[{"start":{"line":9,"column":44},"end":{"line":9,"column":58}},{"start":{"line":9,"column":44},"end":{"line":9,"column":55}}]}},"s":{"0":2,"1":2,"2":2,"3":19,"4":19,"5":18,"6":2,"7":12,"8":3,"9":1,"10":3,"11":2,"12":2,"13":12,"14":12,"15":10,"16":2,"17":2,"18":12,"19":5,"20":3,"21":3,"22":1,"23":5,"24":5,"25":4,"26":1,"27":1,"28":3,"29":3,"30":3,"31":3,"32":3,"33":3,"34":3,"35":1,"36":1,"37":2,"38":2,"39":4,"40":2,"41":1,"42":2,"43":2},"f":{"0":19,"1":18,"2":3,"3":2,"4":12,"5":12,"6":5,"7":3,"8":3,"9":4,"10":1},"b":{"0":[2,12,3,1],"1":[2,0],"2":[12,0],"3":[3,2],"4":[1,0],"5":[5,3,3,1],"6":[1,3],"7":[0,1],"8":[1,2],"9":[1,0],"10":[2,0],"11":[2,2]}}
}
