TN:
SF:src/app.controller.ts
FN:7,(anonymous_2)
FN:11,(anonymous_3)
FNF:2
FNH:2
FNDA:1,(anonymous_2)
FNDA:1,(anonymous_3)
DA:1,1
DA:2,1
DA:3,1
DA:6,1
DA:7,1
DA:11,1
DA:12,1
LF:7
LH:7
BRDA:7,0,0,1
BRDA:7,0,1,0
BRDA:7,1,0,1
BRDA:7,1,1,1
BRF:4
BRH:3
end_of_record
TN:
SF:src/app.module.ts
FNF:0
FNH:0
DA:1,0
DA:2,0
DA:3,0
DA:4,0
DA:5,0
DA:6,0
DA:7,0
DA:24,0
LF:8
LH:0
BRDA:16,0,0,0
BRDA:16,0,1,0
BRF:2
BRH:0
end_of_record
TN:
SF:src/app.service.ts
FN:5,(anonymous_1)
FNF:1
FNH:1
FNDA:1,(anonymous_1)
DA:1,1
DA:4,1
DA:6,1
LF:3
LH:3
BRF:0
BRH:0
end_of_record
TN:
SF:src/main.ts
FN:8,bootstrap
FN:27,(anonymous_1)
FNF:2
FNH:0
FNDA:0,bootstrap
FNDA:0,(anonymous_1)
DA:1,0
DA:3,0
DA:4,0
DA:5,0
DA:9,0
DA:12,0
DA:15,0
DA:20,0
DA:22,0
DA:27,0
DA:28,0
DA:30,0
DA:31,0
DA:32,0
DA:34,0
LF:15
LH:0
BRDA:30,0,0,0
BRDA:30,0,1,0
BRF:2
BRH:0
end_of_record
TN:
SF:src/drug/cache.service.ts
FN:7,(anonymous_4)
FN:9,(anonymous_5)
FN:13,(anonymous_6)
FN:17,(anonymous_7)
FN:21,(anonymous_8)
FNF:5
FNH:0
FNDA:0,(anonymous_4)
FNDA:0,(anonymous_5)
FNDA:0,(anonymous_6)
FNDA:0,(anonymous_7)
FNDA:0,(anonymous_8)
DA:1,4
DA:2,4
DA:6,4
DA:7,0
DA:10,0
DA:14,0
DA:18,0
DA:22,0
LF:8
LH:3
BRF:0
BRH:0
end_of_record
TN:
SF:src/drug/drug.controller.ts
FN:19,(anonymous_4)
FN:24,(anonymous_5)
FN:37,(anonymous_6)
FN:76,(anonymous_7)
FN:107,(anonymous_8)
FNF:5
FNH:5
FNDA:11,(anonymous_4)
FNDA:2,(anonymous_5)
FNDA:4,(anonymous_6)
FNDA:3,(anonymous_7)
FNDA:2,(anonymous_8)
DA:1,1
DA:11,1
DA:12,1
DA:13,1
DA:16,1
DA:17,11
DA:19,11
DA:24,1
DA:25,2
DA:26,2
DA:28,1
DA:29,1
DA:37,1
DA:40,4
DA:41,4
DA:42,1
DA:45,3
DA:46,3
DA:47,3
DA:48,3
DA:50,2
DA:51,1
DA:54,1
DA:56,1
DA:63,2
DA:65,2
DA:66,1
DA:69,1
DA:76,1
DA:79,3
DA:80,3
DA:81,1
DA:84,2
DA:85,2
DA:86,2
DA:87,2
DA:89,2
DA:90,1
DA:93,1
DA:95,1
DA:97,1
DA:98,1
DA:101,0
DA:107,1
DA:108,2
DA:109,2
DA:111,1
DA:112,1
LF:48
LH:47
BRDA:41,0,0,1
BRDA:41,0,1,3
BRDA:50,1,0,1
BRDA:50,1,1,1
BRDA:65,2,0,1
BRDA:65,2,1,1
BRDA:80,3,0,1
BRDA:80,3,1,2
BRDA:89,4,0,1
BRDA:89,4,1,1
BRDA:97,5,0,1
BRDA:97,5,1,0
BRDA:24,6,0,1
BRDA:24,6,1,0
BRDA:24,7,0,1
BRDA:24,7,1,1
BRDA:19,8,0,1
BRDA:19,8,1,0
BRDA:19,9,0,1
BRDA:19,9,1,1
BRF:20
BRH:17
end_of_record
TN:
SF:src/drug/drug.module.ts
FNF:0
FNH:0
DA:1,0
DA:2,0
DA:3,0
DA:4,0
DA:5,0
DA:12,0
LF:6
LH:0
BRF:0
BRH:0
end_of_record
TN:
SF:src/drug/drug.service.ts
FN:14,(anonymous_2)
FN:19,(anonymous_3)
FN:23,(anonymous_4)
FN:35,(anonymous_5)
FN:40,(anonymous_6)
FN:45,(anonymous_7)
FN:52,(anonymous_8)
FN:58,(anonymous_9)
FN:68,(anonymous_10)
FN:82,(anonymous_11)
FN:99,(anonymous_12)
FN:151,(anonymous_13)
FN:170,(anonymous_14)
FN:185,(anonymous_15)
FN:189,(anonymous_16)
FN:193,(anonymous_17)
FN:205,(anonymous_18)
FN:216,(anonymous_19)
FN:236,(anonymous_20)
FN:254,(anonymous_21)
FN:255,(anonymous_22)
FN:268,(anonymous_23)
FN:276,(anonymous_24)
FNF:23
FNH:20
FNDA:19,(anonymous_2)
FNDA:19,(anonymous_3)
FNDA:19,(anonymous_4)
FNDA:6,(anonymous_5)
FNDA:3,(anonymous_6)
FNDA:5,(anonymous_7)
FNDA:6,(anonymous_8)
FNDA:2,(anonymous_9)
FNDA:2,(anonymous_10)
FNDA:8,(anonymous_11)
FNDA:3,(anonymous_12)
FNDA:2,(anonymous_13)
FNDA:24,(anonymous_14)
FNDA:0,(anonymous_15)
FNDA:0,(anonymous_16)
FNDA:0,(anonymous_17)
FNDA:1,(anonymous_18)
FNDA:2,(anonymous_19)
FNDA:2,(anonymous_20)
FNDA:2,(anonymous_21)
FNDA:4,(anonymous_22)
FNDA:26,(anonymous_23)
FNDA:4,(anonymous_24)
DA:1,4
DA:2,4
DA:3,4
DA:6,4
DA:7,4
DA:10,4
DA:11,19
DA:12,19
DA:15,19
DA:16,19
DA:20,19
DA:24,19
DA:25,19
DA:26,19
DA:27,18
DA:28,18
DA:30,1
DA:31,1
DA:36,6
DA:38,6
DA:39,2
DA:40,2
DA:41,3
DA:45,4
DA:46,5
DA:53,6
DA:56,6
DA:57,1
DA:58,1
DA:59,2
DA:66,6
DA:67,1
DA:68,1
DA:69,2
DA:74,6
DA:75,6
DA:76,6
DA:77,6
DA:79,6
DA:81,6
DA:82,8
DA:100,3
DA:103,3
DA:104,3
DA:105,1
DA:108,2
DA:110,2
DA:111,1
DA:113,1
DA:115,1
DA:117,1
DA:130,1
DA:132,1
DA:134,1
DA:137,1
DA:152,2
DA:153,2
DA:155,2
DA:170,2
DA:171,24
DA:172,24
DA:173,4
DA:182,2
DA:186,0
DA:189,0
DA:190,0
DA:191,0
DA:192,0
DA:193,0
DA:194,0
DA:195,0
DA:198,0
DA:202,0
DA:206,1
DA:209,1
DA:210,1
DA:211,0
DA:214,1
DA:215,1
DA:216,1
DA:217,2
DA:218,2
DA:220,2
DA:227,1
DA:229,1
DA:231,0
DA:232,0
DA:237,2
DA:251,2
DA:255,4
DA:262,2
DA:269,26
DA:277,4
DA:279,4
DA:280,4
DA:281,4
DA:282,4
DA:284,0
LF:98
LH:84
BRDA:38,0,0,2
BRDA:38,0,1,4
BRDA:40,1,0,2
BRDA:40,1,1,1
BRDA:41,2,0,3
BRDA:41,2,1,2
BRDA:45,3,0,4
BRDA:45,3,1,1
BRDA:46,4,0,5
BRDA:46,4,1,3
BRDA:56,5,0,1
BRDA:56,5,1,5
BRDA:59,6,0,2
BRDA:59,6,1,1
BRDA:59,6,2,1
BRDA:66,7,0,1
BRDA:66,7,1,5
BRDA:74,8,0,6
BRDA:74,8,1,4
BRDA:75,9,0,6
BRDA:75,9,1,4
BRDA:104,10,0,1
BRDA:104,10,1,2
BRDA:172,11,0,4
BRDA:172,11,1,20
BRDA:172,12,0,24
BRDA:172,12,1,4
BRDA:190,13,0,0
BRDA:190,13,1,0
BRDA:194,14,0,0
BRDA:194,14,1,0
BRDA:210,15,0,0
BRDA:210,15,1,1
BRDA:222,16,0,2
BRDA:222,16,1,1
BRDA:251,17,0,2
BRDA:251,17,1,0
BRDA:257,18,0,4
BRDA:257,18,1,0
BRDA:277,19,0,4
BRDA:277,19,1,0
BRDA:15,20,0,4
BRDA:15,20,1,0
BRDA:15,21,0,4
BRDA:15,21,1,4
BRDA:15,22,0,4
BRDA:15,22,1,0
BRDA:15,23,0,4
BRDA:15,23,1,4
BRF:49
BRH:39
end_of_record
TN:
SF:src/drug/openai.service.ts
FN:14,(anonymous_3)
FN:29,(anonymous_4)
FN:43,(anonymous_5)
FN:68,(anonymous_6)
FN:82,(anonymous_7)
FN:99,(anonymous_8)
FN:128,(anonymous_9)
FN:129,(anonymous_10)
FN:142,(anonymous_11)
FN:222,(anonymous_12)
FN:238,(anonymous_13)
FN:256,(anonymous_14)
FN:285,(anonymous_15)
FN:292,(anonymous_16)
FN:296,(anonymous_17)
FN:307,(anonymous_18)
FN:308,(anonymous_19)
FN:311,(anonymous_20)
FNF:18
FNH:0
FNDA:0,(anonymous_3)
FNDA:0,(anonymous_4)
FNDA:0,(anonymous_5)
FNDA:0,(anonymous_6)
FNDA:0,(anonymous_7)
FNDA:0,(anonymous_8)
FNDA:0,(anonymous_9)
FNDA:0,(anonymous_10)
FNDA:0,(anonymous_11)
FNDA:0,(anonymous_12)
FNDA:0,(anonymous_13)
FNDA:0,(anonymous_14)
FNDA:0,(anonymous_15)
FNDA:0,(anonymous_16)
FNDA:0,(anonymous_17)
FNDA:0,(anonymous_18)
FNDA:0,(anonymous_19)
FNDA:0,(anonymous_20)
DA:1,4
DA:2,4
DA:3,4
DA:5,4
DA:8,4
DA:9,0
DA:11,0
DA:12,0
DA:15,0
DA:16,0
DA:18,0
DA:19,0
DA:20,0
DA:21,0
DA:24,0
DA:30,0
DA:31,0
DA:35,0
DA:36,0
DA:37,0
DA:38,0
DA:41,0
DA:43,0
DA:44,0
DA:51,0
DA:52,0
DA:53,0
DA:56,0
DA:57,0
DA:59,0
DA:60,0
DA:62,0
DA:63,0
DA:69,0
DA:70,0
DA:74,0
DA:75,0
DA:76,0
DA:77,0
DA:80,0
DA:82,0
DA:83,0
DA:90,0
DA:91,0
DA:94,0
DA:95,0
DA:100,0
DA:101,0
DA:105,0
DA:106,0
DA:107,0
DA:108,0
DA:111,0
DA:127,0
DA:128,0
DA:129,0
DA:134,0
DA:135,0
DA:138,0
DA:140,0
DA:142,0
DA:143,0
DA:213,0
DA:216,0
DA:217,0
DA:223,0
DA:224,0
DA:225,0
DA:229,0
DA:230,0
DA:231,0
DA:232,0
DA:235,0
DA:236,0
DA:238,0
DA:239,0
DA:246,0
DA:249,0
DA:250,0
DA:252,0
DA:261,0
DA:262,0
DA:264,0
DA:266,0
DA:267,0
DA:268,0
DA:272,0
DA:273,0
DA:274,0
DA:275,0
DA:278,0
DA:281,0
DA:286,0
DA:293,0
DA:297,0
DA:308,0
DA:313,0
DA:314,0
DA:315,0
DA:316,0
DA:317,0
DA:319,0
LF:102
LH:5
BRDA:19,0,0,0
BRDA:19,0,1,0
BRDA:30,1,0,0
BRDA:30,1,1,0
BRDA:37,2,0,0
BRDA:37,2,1,0
BRDA:41,3,0,0
BRDA:41,3,1,0
BRDA:52,4,0,0
BRDA:52,4,1,0
BRDA:69,5,0,0
BRDA:69,5,1,0
BRDA:76,6,0,0
BRDA:76,6,1,0
BRDA:80,7,0,0
BRDA:80,7,1,0
BRDA:91,8,0,0
BRDA:91,8,1,0
BRDA:100,9,0,0
BRDA:100,9,1,0
BRDA:107,10,0,0
BRDA:107,10,1,0
BRDA:128,11,0,0
BRDA:128,11,1,0
BRDA:134,12,0,0
BRDA:134,12,1,0
BRDA:224,13,0,0
BRDA:224,13,1,0
BRDA:224,14,0,0
BRDA:224,14,1,0
BRDA:231,15,0,0
BRDA:231,15,1,0
BRDA:246,16,0,0
BRDA:246,16,1,0
BRDA:249,17,0,0
BRDA:249,17,1,0
BRDA:259,18,0,0
BRDA:266,19,0,0
BRDA:266,19,1,0
BRDA:272,20,0,0
BRDA:272,20,1,0
BRDA:272,21,0,0
BRDA:272,21,1,0
BRDA:15,22,0,4
BRDA:15,22,1,0
BRDA:15,23,0,4
BRDA:15,23,1,4
BRDA:15,24,0,4
BRDA:15,24,1,0
BRDA:15,25,0,4
BRDA:15,25,1,4
BRF:51
BRH:6
end_of_record
TN:
SF:src/drug/dto/drug-search.dto.ts
FN:18,(anonymous_2)
FN:25,(anonymous_3)
FNF:2
FNH:0
FNDA:0,(anonymous_2)
FNDA:0,(anonymous_3)
DA:1,1
DA:2,1
DA:3,1
DA:5,1
DA:9,1
DA:14,1
DA:18,0
DA:21,1
DA:25,0
DA:29,1
LF:10
LH:8
BRF:0
BRH:0
end_of_record
TN:
SF:src/mcp/mcp.controller.ts
FN:9,(anonymous_4)
FN:12,(anonymous_5)
FNF:2
FNH:2
FNDA:8,(anonymous_4)
FNDA:8,(anonymous_5)
DA:1,1
DA:2,1
DA:6,1
DA:7,8
DA:9,8
DA:12,1
DA:13,8
DA:15,8
DA:16,8
DA:18,4
DA:20,4
LF:11
LH:11
BRDA:22,0,0,4
BRDA:22,0,1,2
BRDA:12,1,0,1
BRDA:12,1,1,0
BRDA:12,2,0,1
BRDA:12,2,1,1
BRDA:9,3,0,1
BRDA:9,3,1,0
BRDA:9,4,0,1
BRDA:9,4,1,1
BRF:10
BRH:8
end_of_record
TN:
SF:src/mcp/mcp.module.ts
FNF:0
FNH:0
DA:1,0
DA:2,0
DA:3,0
DA:4,0
DA:11,0
LF:5
LH:0
BRF:0
BRH:0
end_of_record
TN:
SF:src/mcp/mcp.service.ts
FN:9,(anonymous_2)
FN:11,(anonymous_3)
FN:34,(anonymous_4)
FN:51,(anonymous_5)
FN:127,(anonymous_6)
FN:155,(anonymous_7)
FN:171,(anonymous_8)
FN:201,(anonymous_9)
FN:214,(anonymous_10)
FN:234,(anonymous_11)
FN:243,(anonymous_12)
FNF:11
FNH:11
FNDA:19,(anonymous_2)
FNDA:18,(anonymous_3)
FNDA:3,(anonymous_4)
FNDA:2,(anonymous_5)
FNDA:12,(anonymous_6)
FNDA:12,(anonymous_7)
FNDA:5,(anonymous_8)
FNDA:3,(anonymous_9)
FNDA:3,(anonymous_10)
FNDA:4,(anonymous_11)
FNDA:1,(anonymous_12)
DA:1,2
DA:2,2
DA:6,2
DA:7,19
DA:9,19
DA:12,18
DA:14,2
DA:17,12
DA:20,3
DA:23,1
DA:35,3
DA:52,2
DA:118,2
DA:128,12
DA:129,12
DA:131,10
DA:137,2
DA:139,2
DA:156,12
DA:158,5
DA:161,3
DA:164,3
DA:167,1
DA:172,5
DA:174,5
DA:176,4
DA:177,1
DA:178,1
DA:189,3
DA:191,3
DA:202,3
DA:204,3
DA:215,3
DA:217,3
DA:219,3
DA:220,1
DA:221,1
DA:232,2
DA:234,4
DA:236,2
DA:243,1
LF:41
LH:41
BRDA:12,0,0,2
BRDA:12,0,1,12
BRDA:12,0,2,3
BRDA:12,0,3,1
BRDA:14,1,0,2
BRDA:14,1,1,0
BRDA:17,2,0,12
BRDA:17,2,1,0
BRDA:20,3,0,3
BRDA:20,3,1,2
BRDA:25,4,0,1
BRDA:25,4,1,0
BRDA:156,5,0,5
BRDA:156,5,1,3
BRDA:156,5,2,3
BRDA:156,5,3,1
BRDA:176,6,0,1
BRDA:176,6,1,3
BRDA:177,7,0,0
BRDA:177,7,1,1
BRDA:219,8,0,1
BRDA:219,8,1,2
BRDA:220,9,0,1
BRDA:220,9,1,0
BRDA:9,10,0,2
BRDA:9,10,1,0
BRDA:9,11,0,2
BRDA:9,11,1,2
BRF:28
BRH:22
end_of_record
